[+] Containers:
 |- [+] Container: /Game/BenPowell/Level/GameMap
 |   |- [+] ActorDescs:
 |   |   |- Guid:0DDB7A27495F7D7EC34D20971004183E BaseClass: NativeClass:/Script/Engine.StaticMeshActor Name:StaticMeshActor_37 Label:SM_Cylinder7 SpatiallyLoaded:1 Bounds:IsValid=true, Min=(X=1650.000 Y=1950.000 Z=-200.000), Max=(X=1750.000 Y=2050.000 Z=100.000) RuntimeGrid:None EditorOnly:0 RuntimeOnly:0 HLODRelevant:1 ListedInSceneOutliner:1 IsMainWorldOnly:0 FolderPath:Pillars FolderGuid:BB8AF4C246C38D173850E8B115A3DCFE
 |   |   |- Guid:11B72A01403252E7C8E3ADB9850A5D72 BaseClass: NativeClass:/Script/Engine.WorldDataLayers Name:WorldDataLayers Label:WorldDataLayers SpatiallyLoaded:0 Bounds:Invalid RuntimeGrid:None EditorOnly:0 RuntimeOnly:0 HLODRelevant:0 ListedInSceneOutliner:1 IsMainWorldOnly:1
 |   |   |- Guid:12598F404C4F637FF09CC0827A51244C BaseClass:/Game/BenPowell/UI/Start/BP_StartCamera.BP_StartCamera_C NativeClass:/Script/Engine.Pawn Name:BP_StartCamera_C_UAID_244BFE576023FC6702_1991339635 Label:BP_StartCamera SpatiallyLoaded:1 Bounds:IsValid=true, Min=(X=-1900.000 Y=1100.000 Z=1930.000), Max=(X=-1900.000 Y=1100.000 Z=1930.000) RuntimeGrid:None EditorOnly:0 RuntimeOnly:0 HLODRelevant:0 ListedInSceneOutliner:1 IsMainWorldOnly:0
 |   |   |- Guid:135C606A4404618329787E819709CEA9 BaseClass: NativeClass:/Script/Engine.PostProcessVolume Name:PostProcessVolume_1 Label:PostProcessVolume SpatiallyLoaded:0 Bounds:IsValid=true, Min=(X=0.000 Y=0.000 Z=400.000), Max=(X=200.000 Y=200.000 Z=600.000) RuntimeGrid:None EditorOnly:0 RuntimeOnly:0 HLODRelevant:0 ListedInSceneOutliner:1 IsMainWorldOnly:0 FolderPath:Lighting FolderGuid:4C9334684BA61B42C769F799D2576455
 |   |   |- Guid:2423339A435207C3CC94B5B09372B40C BaseClass:/Game/BenPowell/MapSide/BP_MapCamera.BP_MapCamera_C NativeClass:/Script/Engine.Pawn Name:MapControl_C_UAID_4CD717924A81C85302_1204486343 Label:MapControl SpatiallyLoaded:1 Bounds:IsValid=true, Min=(X=-1280.000 Y=1720.000 Z=1070.000), Max=(X=-1280.000 Y=1720.000 Z=1070.000) RuntimeGrid:None EditorOnly:0 RuntimeOnly:0 HLODRelevant:0 ListedInSceneOutliner:1 IsMainWorldOnly:0
 |   |   |- Guid:2929C21D4308D988D2240E9B87AED0A3 BaseClass: NativeClass:/Script/Engine.StaticMeshActor Name:StaticMeshActor_20 Label:SM_Cube4 SpatiallyLoaded:1 Bounds:IsValid=true, Min=(X=2000.000 Y=600.000 Z=-190.000), Max=(X=2400.000 Y=1000.000 Z=10.000) RuntimeGrid:None EditorOnly:0 RuntimeOnly:0 HLODRelevant:1 ListedInSceneOutliner:1 IsMainWorldOnly:0 FolderPath:Block01 FolderGuid:4C556963462B5D49496AD286A4690C47
 |   |   |- Guid:29930B274F9B1AD41F774C9C5B028EE6 BaseClass: NativeClass:/Script/Engine.StaticMeshActor Name:StaticMeshActor_66 Label:SM_Cylinder15 SpatiallyLoaded:1 Bounds:IsValid=true, Min=(X=2550.000 Y=2950.000 Z=0.000), Max=(X=2650.000 Y=3050.000 Z=300.000) RuntimeGrid:None EditorOnly:0 RuntimeOnly:0 HLODRelevant:1 ListedInSceneOutliner:1 IsMainWorldOnly:0 FolderPath:Pillars FolderGuid:BB8AF4C246C38D173850E8B115A3DCFE
 |   |   |- Guid:33EBC7AB481CA4E5C83F59AD953A3265 BaseClass: NativeClass:/Script/Engine.StaticMeshActor Name:StaticMeshActor_26 Label:SM_Ramp3 SpatiallyLoaded:1 Bounds:IsValid=true, Min=(X=1600.000 Y=400.000 Z=-90.000), Max=(X=1900.000 Y=600.000 Z=10.000) RuntimeGrid:None EditorOnly:0 RuntimeOnly:0 HLODRelevant:1 ListedInSceneOutliner:1 IsMainWorldOnly:0 FolderPath:Block01 FolderGuid:4C556963462B5D49496AD286A4690C47
 |   |   |- Guid:35903F2D48BB20153BB01F99768CA0D2 BaseClass: NativeClass:/Script/Engine.StaticMeshActor Name:StaticMeshActor_34 Label:SM_Cylinder4 SpatiallyLoaded:1 Bounds:IsValid=true, Min=(X=1850.000 Y=2350.000 Z=-200.000), Max=(X=1950.000 Y=2450.000 Z=100.000) RuntimeGrid:None EditorOnly:0 RuntimeOnly:0 HLODRelevant:1 ListedInSceneOutliner:1 IsMainWorldOnly:0 FolderPath:Pillars FolderGuid:BB8AF4C246C38D173850E8B115A3DCFE
 |   |   |- Guid:37FF7E4342458EB4BC5774A7A3BE4DD4 BaseClass:/Game/BenPowell/Characters/BPC_Hero.BPC_Hero_C NativeClass:/Script/Engine.Actor Name:BPC_Hero_C_UAID_A036BC08BF36BA2B02_1386407641 Label:BPC_Hero2 SpatiallyLoaded:1 Bounds:IsValid=true, Min=(X=233.368 Y=2003.801 Z=-5.605), Max=(X=406.694 Y=2104.432 Z=319.339) RuntimeGrid:None EditorOnly:0 RuntimeOnly:0 HLODRelevant:0 ListedInSceneOutliner:1 IsMainWorldOnly:0
 |   |   |- Guid:39CABBC44A8AE06501D0A98B5504A615 BaseClass:/Game/BenPowell/BP_MenuManager.BP_MenuManager_C NativeClass:/Script/Engine.Actor Name:BP_MenuManager_C_UAID_A036BC08BF36AA3002_1087891103 Label:BP_MenuManager SpatiallyLoaded:1 Bounds:IsValid=true, Min=(X=950.000 Y=2570.000 Z=0.000), Max=(X=950.000 Y=2570.000 Z=0.000) RuntimeGrid:None EditorOnly:0 RuntimeOnly:0 HLODRelevant:0 ListedInSceneOutliner:1 IsMainWorldOnly:0
 |   |   |- Guid:3CC016D2466B679C86805ABB05368E96 BaseClass: NativeClass:/Script/Engine.SkyLight Name:SkyLight_1 Label:SkyLight SpatiallyLoaded:0 Bounds:IsValid=true, Min=(X=0.000 Y=0.000 Z=690.000), Max=(X=0.000 Y=0.000 Z=690.000) RuntimeGrid:None EditorOnly:0 RuntimeOnly:0 HLODRelevant:0 ListedInSceneOutliner:1 IsMainWorldOnly:0 FolderPath:Lighting FolderGuid:4C9334684BA61B42C769F799D2576455
 |   |   |- Guid:3CFE43E94FAACBC9BEAD91AB2E670C8A BaseClass: NativeClass:/Script/Engine.StaticMeshActor Name:StaticMeshActor_24 Label:SM_Cube7 SpatiallyLoaded:1 Bounds:IsValid=true, Min=(X=2400.000 Y=500.000 Z=-240.000), Max=(X=2500.000 Y=900.000 Z=-40.000) RuntimeGrid:None EditorOnly:0 RuntimeOnly:0 HLODRelevant:1 ListedInSceneOutliner:1 IsMainWorldOnly:0 FolderPath:Block01 FolderGuid:4C556963462B5D49496AD286A4690C47
 |   |   |- Guid:3E56E5DB444D7BEE9EAE96B57B24B807 BaseClass:/Game/BenPowell/BP_BattleManager.BP_BattleManager_C NativeClass:/Script/Engine.Actor Name:BP_BattleManager_C_UAID_A036BC08BF36D82902_1590481808 Label:BP_BattleManager SpatiallyLoaded:1 Bounds:IsValid=true, Min=(X=930.000 Y=2440.000 Z=0.000), Max=(X=930.000 Y=2440.000 Z=0.000) RuntimeGrid:None EditorOnly:0 RuntimeOnly:0 HLODRelevant:0 ListedInSceneOutliner:1 IsMainWorldOnly:0
 |   |   |- Guid:45D84B0A4BAF109177A6A2AF3D86C7D5 BaseClass: NativeClass:/Script/Engine.DirectionalLight Name:DirectionalLight_1 Label:DirectionalLight SpatiallyLoaded:0 Bounds:Invalid RuntimeGrid:None EditorOnly:0 RuntimeOnly:0 HLODRelevant:0 ListedInSceneOutliner:1 IsMainWorldOnly:0 FolderPath:Lighting FolderGuid:4C9334684BA61B42C769F799D2576455
 |   |   |- Guid:49EFAB544D62FE2805CF4BA9E2AA0C54 BaseClass:/Game/BenPowell/Characters/BPC_Hero.BPC_Hero_C NativeClass:/Script/Engine.Actor Name:BPC_Hero_C_UAID_A036BC08BF36BA2B02_1362085640 Label:BPC_Hero SpatiallyLoaded:1 Bounds:IsValid=true, Min=(X=403.281 Y=2193.801 Z=-2.776), Max=(X=576.896 Y=2294.432 Z=319.339) RuntimeGrid:None EditorOnly:0 RuntimeOnly:0 HLODRelevant:0 ListedInSceneOutliner:1 IsMainWorldOnly:0
 |   |   |- Guid:52997C364E45AF4EA76F0F8963C55C50 BaseClass: NativeClass:/Script/Engine.VolumetricCloud Name:VolumetricCloud_0 Label:VolumetricCloud SpatiallyLoaded:0 Bounds:IsValid=true, Min=(X=0.000 Y=0.000 Z=820.000), Max=(X=0.000 Y=0.000 Z=820.000) RuntimeGrid:None EditorOnly:0 RuntimeOnly:0 HLODRelevant:0 ListedInSceneOutliner:1 IsMainWorldOnly:0 FolderPath:Lighting FolderGuid:4C9334684BA61B42C769F799D2576455
 |   |   |- Guid:59833E6C402698887FFFB4807F57EE81 BaseClass: NativeClass:/Script/NavigationSystem.NavMeshBoundsVolume Name:NavMeshBoundsVolume_1 Label:NavMeshBoundsVolume SpatiallyLoaded:0 Bounds:IsValid=true, Min=(X=-100.000 Y=-100.000 Z=-110.000), Max=(X=3100.000 Y=3600.000 Z=390.000) RuntimeGrid:None EditorOnly:0 RuntimeOnly:0 HLODRelevant:0 ListedInSceneOutliner:1 IsMainWorldOnly:0 FolderPath:Navigation FolderGuid:AE45D61F453CC144CF8289862C276E89
 |   |   |- Guid:5AA5D26D4A177B5E1E92DD97547C4D8A BaseClass: NativeClass:/Script/Engine.StaticMeshActor Name:StaticMeshActor_38 Label:SM_Cylinder8 SpatiallyLoaded:1 Bounds:IsValid=true, Min=(X=2250.000 Y=1950.000 Z=-200.000), Max=(X=2350.000 Y=2050.000 Z=100.000) RuntimeGrid:None EditorOnly:0 RuntimeOnly:0 HLODRelevant:1 ListedInSceneOutliner:1 IsMainWorldOnly:0 FolderPath:Pillars FolderGuid:BB8AF4C246C38D173850E8B115A3DCFE
 |   |   |- Guid:5C9FF63748C2FA44980A7BACA51049FA BaseClass:/Game/BenPowell/Characters/Items/BP_ItemManager.BP_ItemManager_C NativeClass:/Script/Engine.Actor Name:ItemManager_C_UAID_B07B251C8DDC253302_1156981863 Label:ItemManager SpatiallyLoaded:1 Bounds:IsValid=true, Min=(X=900.000 Y=2670.000 Z=0.000), Max=(X=900.000 Y=2670.000 Z=0.000) RuntimeGrid:None EditorOnly:0 RuntimeOnly:0 HLODRelevant:0 ListedInSceneOutliner:1 IsMainWorldOnly:0
 |   |   |- Guid:5CD16DFC4F4A93837EE708AA45767FE9 BaseClass:/Game/BenPowell/Music/AudioManager.AudioManager_C NativeClass:/Script/Engine.Actor Name:AudioManager_C_UAID_244BFE5760237F6A02_2076412799 Label:AudioManager SpatiallyLoaded:1 Bounds:IsValid=true, Min=(X=-490.000 Y=2850.000 Z=50.000), Max=(X=-490.000 Y=2850.000 Z=50.000) RuntimeGrid:None EditorOnly:0 RuntimeOnly:0 HLODRelevant:0 ListedInSceneOutliner:1 IsMainWorldOnly:0
 |   |   |- Guid:63FD8BDC4480EE5FBEE57FA4746AA8D5 BaseClass: NativeClass:/Script/Engine.StaticMeshActor Name:StaticMeshActor_42 Label:SM_ChamferCube SpatiallyLoaded:1 Bounds:IsValid=true, Min=(X=761.762 Y=2853.712 Z=0.063), Max=(X=902.646 Y=2994.595 Z=100.063) RuntimeGrid:None EditorOnly:0 RuntimeOnly:0 HLODRelevant:0 ListedInSceneOutliner:1 IsMainWorldOnly:0
 |   |   |- Guid:64293FB146D9B3A66BD0BB93C9FD478E BaseClass: NativeClass:/Script/Engine.StaticMeshActor Name:StaticMeshActor_39 Label:SM_Cylinder9 SpatiallyLoaded:1 Bounds:IsValid=true, Min=(X=2450.000 Y=2350.000 Z=-200.000), Max=(X=2550.000 Y=2450.000 Z=100.000) RuntimeGrid:None EditorOnly:0 RuntimeOnly:0 HLODRelevant:1 ListedInSceneOutliner:1 IsMainWorldOnly:0 FolderPath:Pillars FolderGuid:BB8AF4C246C38D173850E8B115A3DCFE
 |   |   |- Guid:6822919D437534DC47BD46AF8BCF8DF5 BaseClass: NativeClass:/Script/Engine.StaticMeshActor Name:StaticMeshActor_3 Label:SM_Cylinder11 SpatiallyLoaded:1 Bounds:IsValid=true, Min=(X=1350.000 Y=2950.000 Z=0.000), Max=(X=1450.000 Y=3050.000 Z=300.000) RuntimeGrid:None EditorOnly:0 RuntimeOnly:0 HLODRelevant:1 ListedInSceneOutliner:1 IsMainWorldOnly:0 FolderPath:Pillars FolderGuid:BB8AF4C246C38D173850E8B115A3DCFE
 |   |   |- Guid:6FF437294F71956142250B88CCDBDDBF BaseClass: NativeClass:/Script/Engine.StaticMeshActor Name:StaticMeshActor_22 Label:SM_Cube5 SpatiallyLoaded:1 Bounds:IsValid=true, Min=(X=-0.000 Y=100.000 Z=-90.000), Max=(X=100.000 Y=3400.000 Z=-15.000) RuntimeGrid:None EditorOnly:0 RuntimeOnly:0 HLODRelevant:1 ListedInSceneOutliner:1 IsMainWorldOnly:0 FolderPath:Playground FolderGuid:9FE5E8B349AF71F05F2688921F3F2AC5
 |   |   |- Guid:70A96B7D4CCA57D6DC5CC4917ADD2849 BaseClass: NativeClass:/Script/Engine.StaticMeshActor Name:StaticMeshActor_44 Label:SM_ChamferCube3 SpatiallyLoaded:1 Bounds:IsValid=true, Min=(X=711.512 Y=2824.945 Z=100.063), Max=(X=848.115 Y=2961.548 Z=200.063) RuntimeGrid:None EditorOnly:0 RuntimeOnly:0 HLODRelevant:0 ListedInSceneOutliner:1 IsMainWorldOnly:0
 |   |   |- Guid:7DA865A84C52FEA60A04D28374EBC4AC BaseClass:/Game/BenPowell/MapSide/BP_Map.BP_Map_C NativeClass:/Script/Engine.Actor Name:BP_Map_C_UAID_A036BC08BF36A15302_1176884479 Label:BP_Map SpatiallyLoaded:1 Bounds:IsValid=true, Min=(X=-1786.174 Y=1488.807 Z=346.556), Max=(X=-736.174 Y=2538.807 Z=566.556) RuntimeGrid:None EditorOnly:0 RuntimeOnly:0 HLODRelevant:0 ListedInSceneOutliner:1 IsMainWorldOnly:0
 |   |   |- Guid:7FACF78F45E32E33184FED9BF2DDDA76 BaseClass: NativeClass:/Script/Engine.StaticMeshActor Name:StaticMeshActor_19 Label:SM_Cube3 SpatiallyLoaded:1 Bounds:IsValid=true, Min=(X=0.000 Y=3400.000 Z=-280.000), Max=(X=3000.000 Y=3500.000 Z=70.000) RuntimeGrid:None EditorOnly:0 RuntimeOnly:0 HLODRelevant:1 ListedInSceneOutliner:1 IsMainWorldOnly:0 FolderPath:Playground FolderGuid:9FE5E8B349AF71F05F2688921F3F2AC5
 |   |   |- Guid:838041E74D8B77A21D0A24932F5A3E25 BaseClass: NativeClass:/Script/Engine.SkyAtmosphere Name:SkyAtmosphere_1 Label:SkyAtmosphere SpatiallyLoaded:0 Bounds:IsValid=true, Min=(X=0.000 Y=0.000 Z=1020.000), Max=(X=0.000 Y=0.000 Z=1020.000) RuntimeGrid:None EditorOnly:0 RuntimeOnly:0 HLODRelevant:0 ListedInSceneOutliner:1 IsMainWorldOnly:0 FolderPath:Lighting FolderGuid:4C9334684BA61B42C769F799D2576455
 |   |   |- Guid:8C6933E9442F902F85022D84E234327D BaseClass:/Game/BenPowell/Characters/BPC_Enemy.BPC_Enemy_C NativeClass:/Script/Engine.Actor Name:BPC_Enemy_C_UAID_A036BC08BF36BA2B02_1345047639 Label:BPC_Enemy SpatiallyLoaded:1 Bounds:IsValid=true, Min=(X=193.104 Y=2630.000 Z=-2.776), Max=(X=366.719 Y=2736.199 Z=319.339) RuntimeGrid:None EditorOnly:0 RuntimeOnly:0 HLODRelevant:0 ListedInSceneOutliner:1 IsMainWorldOnly:0
 |   |   |- Guid:906D351749F81110A926DD951CF47F22 BaseClass: NativeClass:/Script/Engine.StaticMeshActor Name:StaticMeshActor_23 Label:SM_Cube6 SpatiallyLoaded:1 Bounds:IsValid=true, Min=(X=2900.000 Y=100.000 Z=-370.000), Max=(X=3000.000 Y=3400.000 Z=30.000) RuntimeGrid:None EditorOnly:0 RuntimeOnly:0 HLODRelevant:1 ListedInSceneOutliner:1 IsMainWorldOnly:0 FolderPath:Playground FolderGuid:9FE5E8B349AF71F05F2688921F3F2AC5
 |   |   |- Guid:92F82B384BC34E3397BD0D83899381A3 BaseClass: NativeClass:/Script/Engine.StaticMeshActor Name:StaticMeshActor_25 Label:SM_Cube9 SpatiallyLoaded:1 Bounds:IsValid=true, Min=(X=1400.000 Y=400.000 Z=-240.000), Max=(X=2400.000 Y=600.000 Z=-140.000) RuntimeGrid:None EditorOnly:0 RuntimeOnly:0 HLODRelevant:1 ListedInSceneOutliner:1 IsMainWorldOnly:0 FolderPath:Block01 FolderGuid:4C556963462B5D49496AD286A4690C47
 |   |   |- Guid:950381BC41BFBE5CA61DF38A19437DAE BaseClass: NativeClass:/Script/Engine.StaticMeshActor Name:StaticMeshActor_21 Label:SM_Ramp2 SpatiallyLoaded:1 Bounds:IsValid=true, Min=(X=1400.000 Y=600.000 Z=0.000), Max=(X=1600.000 Y=1000.000 Z=100.000) RuntimeGrid:None EditorOnly:0 RuntimeOnly:0 HLODRelevant:1 ListedInSceneOutliner:1 IsMainWorldOnly:0 FolderPath:Block01 FolderGuid:4C556963462B5D49496AD286A4690C47
 |   |   |- Guid:96FD21644868FA0116B47DBB10A00051 BaseClass: NativeClass:/Script/Engine.StaticMeshActor Name:StaticMeshActor_0 Label:SM_QuarterCylinder7 SpatiallyLoaded:1 Bounds:IsValid=true, Min=(X=1900.000 Y=900.000 Z=-240.000), Max=(X=2000.000 Y=1000.000 Z=-40.000) RuntimeGrid:None EditorOnly:0 RuntimeOnly:0 HLODRelevant:1 ListedInSceneOutliner:1 IsMainWorldOnly:0 FolderPath:Block01 FolderGuid:4C556963462B5D49496AD286A4690C47
 |   |   |- Guid:9A77E2C1415A04B715CA92BCDD0637E2 BaseClass: NativeClass:/Script/Engine.ExponentialHeightFog Name:ExponentialHeightFog_1 Label:ExponentialHeightFog SpatiallyLoaded:0 Bounds:IsValid=true, Min=(X=-5600.000 Y=-50.000 Z=-6850.000), Max=(X=-5600.000 Y=-50.000 Z=-6850.000) RuntimeGrid:None EditorOnly:0 RuntimeOnly:0 HLODRelevant:0 ListedInSceneOutliner:1 IsMainWorldOnly:0 FolderPath:Lighting FolderGuid:4C9334684BA61B42C769F799D2576455
 |   |   |- Guid:9AC107FC4BE2611D87838A8CA2A236DB BaseClass: NativeClass:/Script/AIModule.NavLinkProxy Name:NavLinkProxy_3 Label:NavLinkProxy3 SpatiallyLoaded:1 Bounds:IsValid=true, Min=(X=2240.000 Y=1030.000 Z=90.000), Max=(X=2240.000 Y=1030.000 Z=90.000) RuntimeGrid:None EditorOnly:0 RuntimeOnly:0 HLODRelevant:0 ListedInSceneOutliner:1 IsMainWorldOnly:0 FolderPath:Navigation FolderGuid:AE45D61F453CC144CF8289862C276E89
 |   |   |- Guid:A045A2D949367EE9C309D8B443C0B51E BaseClass: NativeClass:/Script/Engine.StaticMeshActor Name:StaticMeshActor_18 Label:SM_Cube2 SpatiallyLoaded:1 Bounds:IsValid=true, Min=(X=0.000 Y=0.000 Z=-360.000), Max=(X=3000.000 Y=100.000 Z=40.000) RuntimeGrid:None EditorOnly:0 RuntimeOnly:0 HLODRelevant:1 ListedInSceneOutliner:1 IsMainWorldOnly:0 FolderPath:Playground FolderGuid:9FE5E8B349AF71F05F2688921F3F2AC5
 |   |   |- Guid:A2D5B3EE4259DF271C192CBF447ECD77 BaseClass:/Game/BenPowell/Characters/BPC_Hero.BPC_Hero_C NativeClass:/Script/Engine.Actor Name:BPC_Hero_C_UAID_A036BC08BF36BA2B02_1392954642 Label:BPC_Hero3 SpatiallyLoaded:1 Bounds:IsValid=true, Min=(X=122.213 Y=1813.801 Z=-3.471), Max=(X=297.523 Y=1914.432 Z=319.339) RuntimeGrid:None EditorOnly:0 RuntimeOnly:0 HLODRelevant:0 ListedInSceneOutliner:1 IsMainWorldOnly:0
 |   |   |- Guid:AE2D2B7F450F46F0E8480C98CF78C627 BaseClass: NativeClass:/Script/Engine.StaticMeshActor Name:StaticMeshActor_27 Label:SM_Cube10 SpatiallyLoaded:1 Bounds:IsValid=true, Min=(X=1900.000 Y=400.000 Z=-140.000), Max=(X=2400.000 Y=600.000 Z=-40.000) RuntimeGrid:None EditorOnly:0 RuntimeOnly:0 HLODRelevant:1 ListedInSceneOutliner:1 IsMainWorldOnly:0 FolderPath:Block01 FolderGuid:4C556963462B5D49496AD286A4690C47
 |   |   |- Guid:B375565B4E0B83778FD894BF2FC035E5 BaseClass: NativeClass:/Script/Engine.StaticMeshActor Name:StaticMeshActor_28 Label:SM_QuarterCylinder3 SpatiallyLoaded:1 Bounds:IsValid=true, Min=(X=2400.000 Y=400.000 Z=-360.000), Max=(X=2500.000 Y=500.000 Z=-160.000) RuntimeGrid:None EditorOnly:0 RuntimeOnly:0 HLODRelevant:1 ListedInSceneOutliner:1 IsMainWorldOnly:0 FolderPath:Block01 FolderGuid:4C556963462B5D49496AD286A4690C47
 |   |   |- Guid:B60FEB1945B5868766FC09917B5C23AF BaseClass: NativeClass:/Script/Engine.StaticMeshActor Name:StaticMeshActor_2 Label:SM_Cylinder6 SpatiallyLoaded:1 Bounds:IsValid=true, Min=(X=1350.000 Y=2450.000 Z=-200.000), Max=(X=1450.000 Y=2550.000 Z=100.000) RuntimeGrid:None EditorOnly:0 RuntimeOnly:0 HLODRelevant:1 ListedInSceneOutliner:1 IsMainWorldOnly:0 FolderPath:Pillars FolderGuid:BB8AF4C246C38D173850E8B115A3DCFE
 |   |   |- Guid:B8E7A5DE4662986501EFAFB9D8D1563E BaseClass:/Game/BenPowell/BP_MainView.BP_MainView_C NativeClass:/Script/Engine.Pawn Name:BP_MainView_C_UAID_244BFE576023232502_1453454727 Label:BP_MainView SpatiallyLoaded:1 Bounds:IsValid=true, Min=(X=-350.000 Y=2220.000 Z=70.000), Max=(X=80.000 Y=2220.000 Z=220.000) RuntimeGrid:None EditorOnly:0 RuntimeOnly:0 HLODRelevant:0 ListedInSceneOutliner:1 IsMainWorldOnly:0
 |   |   |- Guid:CA9283844E5D8933D2782195F820DB50 BaseClass: NativeClass:/Script/Engine.StaticMeshActor Name:StaticMeshActor_17 Label:SM_Cube SpatiallyLoaded:1 Bounds:IsValid=true, Min=(X=0.000 Y=0.000 Z=-50.000), Max=(X=3000.000 Y=3500.000 Z=0.000) RuntimeGrid:None EditorOnly:0 RuntimeOnly:0 HLODRelevant:1 ListedInSceneOutliner:1 IsMainWorldOnly:0 FolderPath:Playground FolderGuid:9FE5E8B349AF71F05F2688921F3F2AC5
 |   |   |- Guid:D9B94C8849DC70F1B904CA90016212FA BaseClass: NativeClass:/Script/Engine.StaticMeshActor Name:StaticMeshActor_40 Label:SM_Cylinder10 SpatiallyLoaded:1 Bounds:IsValid=true, Min=(X=2250.000 Y=2650.000 Z=-200.000), Max=(X=2350.000 Y=2750.000 Z=100.000) RuntimeGrid:None EditorOnly:0 RuntimeOnly:0 HLODRelevant:1 ListedInSceneOutliner:1 IsMainWorldOnly:0 FolderPath:Pillars FolderGuid:BB8AF4C246C38D173850E8B115A3DCFE
 |   |   |- Guid:DB877DFA4CD215A11A823DABFD9D9198 BaseClass: NativeClass:/Script/Engine.StaticMeshActor Name:StaticMeshActor_29 Label:SM_QuarterCylinder6 SpatiallyLoaded:1 Bounds:IsValid=true, Min=(X=2400.000 Y=900.000 Z=-360.000), Max=(X=2500.000 Y=1000.000 Z=-160.000) RuntimeGrid:None EditorOnly:0 RuntimeOnly:0 HLODRelevant:1 ListedInSceneOutliner:1 IsMainWorldOnly:0 FolderPath:Block01 FolderGuid:4C556963462B5D49496AD286A4690C47
 |   |   |- Guid:DD6C4E224815ADB2F9870B87D8DAA9DF BaseClass: NativeClass:/Script/Engine.StaticMeshActor Name:StaticMeshActor_35 Label:SM_Cylinder5 SpatiallyLoaded:1 Bounds:IsValid=true, Min=(X=1750.000 Y=2750.000 Z=-200.000), Max=(X=1850.000 Y=2850.000 Z=100.000) RuntimeGrid:None EditorOnly:0 RuntimeOnly:0 HLODRelevant:1 ListedInSceneOutliner:1 IsMainWorldOnly:0 FolderPath:Pillars FolderGuid:BB8AF4C246C38D173850E8B115A3DCFE
 |   |   |- Guid:E29348D54BE765CEFB0A1EB14EE3BEE9 BaseClass: NativeClass:/Script/Engine.StaticMeshActor Name:StaticMeshActor_65 Label:SM_ChamferCube5 SpatiallyLoaded:1 Bounds:IsValid=true, Min=(X=2419.765 Y=1390.593 Z=0.063), Max=(X=2547.936 Y=1518.765 Z=100.063) RuntimeGrid:None EditorOnly:0 RuntimeOnly:0 HLODRelevant:0 ListedInSceneOutliner:1 IsMainWorldOnly:0
 |   |   |- Guid:F7847E5344F9C84003170C8DD335D055 BaseClass: NativeClass:/Script/Engine.StaticMeshActor Name:StaticMeshActor_59 Label:SM_ChamferCube4 SpatiallyLoaded:1 Bounds:IsValid=true, Min=(X=663.409 Y=2784.238 Z=0.063), Max=(X=804.292 Y=2925.121 Z=100.063) RuntimeGrid:None EditorOnly:0 RuntimeOnly:0 HLODRelevant:0 ListedInSceneOutliner:1 IsMainWorldOnly:0
 |   |   |- Guid:F9C0B2B2492195F19C545DB8E3ECA0AC BaseClass: NativeClass:/Script/Engine.StaticMeshActor Name:StaticMeshActor_1 Label:SM_Cube8 SpatiallyLoaded:1 Bounds:IsValid=true, Min=(X=1900.000 Y=600.000 Z=-190.000), Max=(X=2000.000 Y=900.000 Z=10.000) RuntimeGrid:None EditorOnly:0 RuntimeOnly:0 HLODRelevant:1 ListedInSceneOutliner:1 IsMainWorldOnly:0 FolderPath:Block01 FolderGuid:4C556963462B5D49496AD286A4690C47
 |   |   |- Guid:FA06601848B20387641FB58D8C1817CF BaseClass: NativeClass:/Script/Engine.StaticMeshActor Name:StaticMeshActor_UAID_A4AE111137DC5CFB00_1660657071 Label:SM_SkySphere SpatiallyLoaded:0 Bounds:IsValid=true, Min=(X=-1638400.000 Y=-1638400.000 Z=-1638400.000), Max=(X=1638400.000 Y=1638400.000 Z=1638400.000) RuntimeGrid:None EditorOnly:0 RuntimeOnly:0 HLODRelevant:0 ListedInSceneOutliner:1 IsMainWorldOnly:0 FolderPath:Lighting FolderGuid:4C9334684BA61B42C769F799D2576455
 |   |   |- Guid:FEA34DC242AF0ED2A40D64858204CD49 BaseClass:/Game/BenPowell/Music/AudioManager.AudioManager_C NativeClass:/Script/Engine.Actor Name:AudioManager_C_UAID_244BFE576023816A02_1437864152 Label:AudioManager2 SpatiallyLoaded:1 Bounds:IsValid=true, Min=(X=-1620.000 Y=670.000 Z=1180.000), Max=(X=-1620.000 Y=670.000 Z=1180.000) RuntimeGrid:None EditorOnly:0 RuntimeOnly:0 HLODRelevant:0 ListedInSceneOutliner:1 IsMainWorldOnly:0
 |   |- [+] Clusters:
 |   |   |- [+] [  0]
 |   |   |   |- Guid:0DDB7A27495F7D7EC34D20971004183E BaseClass: NativeClass:/Script/Engine.StaticMeshActor Name:StaticMeshActor_37 Label:SM_Cylinder7 SpatiallyLoaded:1 Bounds:IsValid=true, Min=(X=1650.000 Y=1950.000 Z=-200.000), Max=(X=1750.000 Y=2050.000 Z=100.000) RuntimeGrid:None EditorOnly:0 RuntimeOnly:0 HLODRelevant:1 ListedInSceneOutliner:1 IsMainWorldOnly:0 FolderPath:Pillars FolderGuid:BB8AF4C246C38D173850E8B115A3DCFE
 |   |   |- [+] [  1]
 |   |   |   |- Guid:11B72A01403252E7C8E3ADB9850A5D72 BaseClass: NativeClass:/Script/Engine.WorldDataLayers Name:WorldDataLayers Label:WorldDataLayers SpatiallyLoaded:0 Bounds:Invalid RuntimeGrid:None EditorOnly:0 RuntimeOnly:0 HLODRelevant:0 ListedInSceneOutliner:1 IsMainWorldOnly:1
 |   |   |- [+] [  2]
 |   |   |   |- Guid:12598F404C4F637FF09CC0827A51244C BaseClass:/Game/BenPowell/UI/Start/BP_StartCamera.BP_StartCamera_C NativeClass:/Script/Engine.Pawn Name:BP_StartCamera_C_UAID_244BFE576023FC6702_1991339635 Label:BP_StartCamera SpatiallyLoaded:1 Bounds:IsValid=true, Min=(X=-1900.000 Y=1100.000 Z=1930.000), Max=(X=-1900.000 Y=1100.000 Z=1930.000) RuntimeGrid:None EditorOnly:0 RuntimeOnly:0 HLODRelevant:0 ListedInSceneOutliner:1 IsMainWorldOnly:0
 |   |   |- [+] [  3]
 |   |   |   |- Guid:135C606A4404618329787E819709CEA9 BaseClass: NativeClass:/Script/Engine.PostProcessVolume Name:PostProcessVolume_1 Label:PostProcessVolume SpatiallyLoaded:0 Bounds:IsValid=true, Min=(X=0.000 Y=0.000 Z=400.000), Max=(X=200.000 Y=200.000 Z=600.000) RuntimeGrid:None EditorOnly:0 RuntimeOnly:0 HLODRelevant:0 ListedInSceneOutliner:1 IsMainWorldOnly:0 FolderPath:Lighting FolderGuid:4C9334684BA61B42C769F799D2576455
 |   |   |- [+] [  4]
 |   |   |   |- Guid:2423339A435207C3CC94B5B09372B40C BaseClass:/Game/BenPowell/MapSide/BP_MapCamera.BP_MapCamera_C NativeClass:/Script/Engine.Pawn Name:MapControl_C_UAID_4CD717924A81C85302_1204486343 Label:MapControl SpatiallyLoaded:1 Bounds:IsValid=true, Min=(X=-1280.000 Y=1720.000 Z=1070.000), Max=(X=-1280.000 Y=1720.000 Z=1070.000) RuntimeGrid:None EditorOnly:0 RuntimeOnly:0 HLODRelevant:0 ListedInSceneOutliner:1 IsMainWorldOnly:0
 |   |   |   |- Guid:39CABBC44A8AE06501D0A98B5504A615 BaseClass:/Game/BenPowell/BP_MenuManager.BP_MenuManager_C NativeClass:/Script/Engine.Actor Name:BP_MenuManager_C_UAID_A036BC08BF36AA3002_1087891103 Label:BP_MenuManager SpatiallyLoaded:1 Bounds:IsValid=true, Min=(X=950.000 Y=2570.000 Z=0.000), Max=(X=950.000 Y=2570.000 Z=0.000) RuntimeGrid:None EditorOnly:0 RuntimeOnly:0 HLODRelevant:0 ListedInSceneOutliner:1 IsMainWorldOnly:0
 |   |   |- [+] [  5]
 |   |   |   |- Guid:2929C21D4308D988D2240E9B87AED0A3 BaseClass: NativeClass:/Script/Engine.StaticMeshActor Name:StaticMeshActor_20 Label:SM_Cube4 SpatiallyLoaded:1 Bounds:IsValid=true, Min=(X=2000.000 Y=600.000 Z=-190.000), Max=(X=2400.000 Y=1000.000 Z=10.000) RuntimeGrid:None EditorOnly:0 RuntimeOnly:0 HLODRelevant:1 ListedInSceneOutliner:1 IsMainWorldOnly:0 FolderPath:Block01 FolderGuid:4C556963462B5D49496AD286A4690C47
 |   |   |- [+] [  6]
 |   |   |   |- Guid:29930B274F9B1AD41F774C9C5B028EE6 BaseClass: NativeClass:/Script/Engine.StaticMeshActor Name:StaticMeshActor_66 Label:SM_Cylinder15 SpatiallyLoaded:1 Bounds:IsValid=true, Min=(X=2550.000 Y=2950.000 Z=0.000), Max=(X=2650.000 Y=3050.000 Z=300.000) RuntimeGrid:None EditorOnly:0 RuntimeOnly:0 HLODRelevant:1 ListedInSceneOutliner:1 IsMainWorldOnly:0 FolderPath:Pillars FolderGuid:BB8AF4C246C38D173850E8B115A3DCFE
 |   |   |- [+] [  7]
 |   |   |   |- Guid:33EBC7AB481CA4E5C83F59AD953A3265 BaseClass: NativeClass:/Script/Engine.StaticMeshActor Name:StaticMeshActor_26 Label:SM_Ramp3 SpatiallyLoaded:1 Bounds:IsValid=true, Min=(X=1600.000 Y=400.000 Z=-90.000), Max=(X=1900.000 Y=600.000 Z=10.000) RuntimeGrid:None EditorOnly:0 RuntimeOnly:0 HLODRelevant:1 ListedInSceneOutliner:1 IsMainWorldOnly:0 FolderPath:Block01 FolderGuid:4C556963462B5D49496AD286A4690C47
 |   |   |- [+] [  8]
 |   |   |   |- Guid:35903F2D48BB20153BB01F99768CA0D2 BaseClass: NativeClass:/Script/Engine.StaticMeshActor Name:StaticMeshActor_34 Label:SM_Cylinder4 SpatiallyLoaded:1 Bounds:IsValid=true, Min=(X=1850.000 Y=2350.000 Z=-200.000), Max=(X=1950.000 Y=2450.000 Z=100.000) RuntimeGrid:None EditorOnly:0 RuntimeOnly:0 HLODRelevant:1 ListedInSceneOutliner:1 IsMainWorldOnly:0 FolderPath:Pillars FolderGuid:BB8AF4C246C38D173850E8B115A3DCFE
 |   |   |- [+] [  9]
 |   |   |   |- Guid:37FF7E4342458EB4BC5774A7A3BE4DD4 BaseClass:/Game/BenPowell/Characters/BPC_Hero.BPC_Hero_C NativeClass:/Script/Engine.Actor Name:BPC_Hero_C_UAID_A036BC08BF36BA2B02_1386407641 Label:BPC_Hero2 SpatiallyLoaded:1 Bounds:IsValid=true, Min=(X=233.368 Y=2003.801 Z=-5.605), Max=(X=406.694 Y=2104.432 Z=319.339) RuntimeGrid:None EditorOnly:0 RuntimeOnly:0 HLODRelevant:0 ListedInSceneOutliner:1 IsMainWorldOnly:0
 |   |   |- [+] [ 10]
 |   |   |   |- Guid:3CC016D2466B679C86805ABB05368E96 BaseClass: NativeClass:/Script/Engine.SkyLight Name:SkyLight_1 Label:SkyLight SpatiallyLoaded:0 Bounds:IsValid=true, Min=(X=0.000 Y=0.000 Z=690.000), Max=(X=0.000 Y=0.000 Z=690.000) RuntimeGrid:None EditorOnly:0 RuntimeOnly:0 HLODRelevant:0 ListedInSceneOutliner:1 IsMainWorldOnly:0 FolderPath:Lighting FolderGuid:4C9334684BA61B42C769F799D2576455
 |   |   |- [+] [ 11]
 |   |   |   |- Guid:3CFE43E94FAACBC9BEAD91AB2E670C8A BaseClass: NativeClass:/Script/Engine.StaticMeshActor Name:StaticMeshActor_24 Label:SM_Cube7 SpatiallyLoaded:1 Bounds:IsValid=true, Min=(X=2400.000 Y=500.000 Z=-240.000), Max=(X=2500.000 Y=900.000 Z=-40.000) RuntimeGrid:None EditorOnly:0 RuntimeOnly:0 HLODRelevant:1 ListedInSceneOutliner:1 IsMainWorldOnly:0 FolderPath:Block01 FolderGuid:4C556963462B5D49496AD286A4690C47
 |   |   |- [+] [ 12]
 |   |   |   |- Guid:3E56E5DB444D7BEE9EAE96B57B24B807 BaseClass:/Game/BenPowell/BP_BattleManager.BP_BattleManager_C NativeClass:/Script/Engine.Actor Name:BP_BattleManager_C_UAID_A036BC08BF36D82902_1590481808 Label:BP_BattleManager SpatiallyLoaded:1 Bounds:IsValid=true, Min=(X=930.000 Y=2440.000 Z=0.000), Max=(X=930.000 Y=2440.000 Z=0.000) RuntimeGrid:None EditorOnly:0 RuntimeOnly:0 HLODRelevant:0 ListedInSceneOutliner:1 IsMainWorldOnly:0
 |   |   |   |- Guid:7DA865A84C52FEA60A04D28374EBC4AC BaseClass:/Game/BenPowell/MapSide/BP_Map.BP_Map_C NativeClass:/Script/Engine.Actor Name:BP_Map_C_UAID_A036BC08BF36A15302_1176884479 Label:BP_Map SpatiallyLoaded:1 Bounds:IsValid=true, Min=(X=-1786.174 Y=1488.807 Z=346.556), Max=(X=-736.174 Y=2538.807 Z=566.556) RuntimeGrid:None EditorOnly:0 RuntimeOnly:0 HLODRelevant:0 ListedInSceneOutliner:1 IsMainWorldOnly:0
 |   |   |   |- Guid:B8E7A5DE4662986501EFAFB9D8D1563E BaseClass:/Game/BenPowell/BP_MainView.BP_MainView_C NativeClass:/Script/Engine.Pawn Name:BP_MainView_C_UAID_244BFE576023232502_1453454727 Label:BP_MainView SpatiallyLoaded:1 Bounds:IsValid=true, Min=(X=-350.000 Y=2220.000 Z=70.000), Max=(X=80.000 Y=2220.000 Z=220.000) RuntimeGrid:None EditorOnly:0 RuntimeOnly:0 HLODRelevant:0 ListedInSceneOutliner:1 IsMainWorldOnly:0
 |   |   |- [+] [ 13]
 |   |   |   |- Guid:45D84B0A4BAF109177A6A2AF3D86C7D5 BaseClass: NativeClass:/Script/Engine.DirectionalLight Name:DirectionalLight_1 Label:DirectionalLight SpatiallyLoaded:0 Bounds:Invalid RuntimeGrid:None EditorOnly:0 RuntimeOnly:0 HLODRelevant:0 ListedInSceneOutliner:1 IsMainWorldOnly:0 FolderPath:Lighting FolderGuid:4C9334684BA61B42C769F799D2576455
 |   |   |- [+] [ 14]
 |   |   |   |- Guid:49EFAB544D62FE2805CF4BA9E2AA0C54 BaseClass:/Game/BenPowell/Characters/BPC_Hero.BPC_Hero_C NativeClass:/Script/Engine.Actor Name:BPC_Hero_C_UAID_A036BC08BF36BA2B02_1362085640 Label:BPC_Hero SpatiallyLoaded:1 Bounds:IsValid=true, Min=(X=403.281 Y=2193.801 Z=-2.776), Max=(X=576.896 Y=2294.432 Z=319.339) RuntimeGrid:None EditorOnly:0 RuntimeOnly:0 HLODRelevant:0 ListedInSceneOutliner:1 IsMainWorldOnly:0
 |   |   |- [+] [ 15]
 |   |   |   |- Guid:52997C364E45AF4EA76F0F8963C55C50 BaseClass: NativeClass:/Script/Engine.VolumetricCloud Name:VolumetricCloud_0 Label:VolumetricCloud SpatiallyLoaded:0 Bounds:IsValid=true, Min=(X=0.000 Y=0.000 Z=820.000), Max=(X=0.000 Y=0.000 Z=820.000) RuntimeGrid:None EditorOnly:0 RuntimeOnly:0 HLODRelevant:0 ListedInSceneOutliner:1 IsMainWorldOnly:0 FolderPath:Lighting FolderGuid:4C9334684BA61B42C769F799D2576455
 |   |   |- [+] [ 16]
 |   |   |   |- Guid:59833E6C402698887FFFB4807F57EE81 BaseClass: NativeClass:/Script/NavigationSystem.NavMeshBoundsVolume Name:NavMeshBoundsVolume_1 Label:NavMeshBoundsVolume SpatiallyLoaded:0 Bounds:IsValid=true, Min=(X=-100.000 Y=-100.000 Z=-110.000), Max=(X=3100.000 Y=3600.000 Z=390.000) RuntimeGrid:None EditorOnly:0 RuntimeOnly:0 HLODRelevant:0 ListedInSceneOutliner:1 IsMainWorldOnly:0 FolderPath:Navigation FolderGuid:AE45D61F453CC144CF8289862C276E89
 |   |   |- [+] [ 17]
 |   |   |   |- Guid:5AA5D26D4A177B5E1E92DD97547C4D8A BaseClass: NativeClass:/Script/Engine.StaticMeshActor Name:StaticMeshActor_38 Label:SM_Cylinder8 SpatiallyLoaded:1 Bounds:IsValid=true, Min=(X=2250.000 Y=1950.000 Z=-200.000), Max=(X=2350.000 Y=2050.000 Z=100.000) RuntimeGrid:None EditorOnly:0 RuntimeOnly:0 HLODRelevant:1 ListedInSceneOutliner:1 IsMainWorldOnly:0 FolderPath:Pillars FolderGuid:BB8AF4C246C38D173850E8B115A3DCFE
 |   |   |- [+] [ 18]
 |   |   |   |- Guid:5C9FF63748C2FA44980A7BACA51049FA BaseClass:/Game/BenPowell/Characters/Items/BP_ItemManager.BP_ItemManager_C NativeClass:/Script/Engine.Actor Name:ItemManager_C_UAID_B07B251C8DDC253302_1156981863 Label:ItemManager SpatiallyLoaded:1 Bounds:IsValid=true, Min=(X=900.000 Y=2670.000 Z=0.000), Max=(X=900.000 Y=2670.000 Z=0.000) RuntimeGrid:None EditorOnly:0 RuntimeOnly:0 HLODRelevant:0 ListedInSceneOutliner:1 IsMainWorldOnly:0
 |   |   |- [+] [ 19]
 |   |   |   |- Guid:5CD16DFC4F4A93837EE708AA45767FE9 BaseClass:/Game/BenPowell/Music/AudioManager.AudioManager_C NativeClass:/Script/Engine.Actor Name:AudioManager_C_UAID_244BFE5760237F6A02_2076412799 Label:AudioManager SpatiallyLoaded:1 Bounds:IsValid=true, Min=(X=-490.000 Y=2850.000 Z=50.000), Max=(X=-490.000 Y=2850.000 Z=50.000) RuntimeGrid:None EditorOnly:0 RuntimeOnly:0 HLODRelevant:0 ListedInSceneOutliner:1 IsMainWorldOnly:0
 |   |   |- [+] [ 20]
 |   |   |   |- Guid:63FD8BDC4480EE5FBEE57FA4746AA8D5 BaseClass: NativeClass:/Script/Engine.StaticMeshActor Name:StaticMeshActor_42 Label:SM_ChamferCube SpatiallyLoaded:1 Bounds:IsValid=true, Min=(X=761.762 Y=2853.712 Z=0.063), Max=(X=902.646 Y=2994.595 Z=100.063) RuntimeGrid:None EditorOnly:0 RuntimeOnly:0 HLODRelevant:0 ListedInSceneOutliner:1 IsMainWorldOnly:0
 |   |   |- [+] [ 21]
 |   |   |   |- Guid:64293FB146D9B3A66BD0BB93C9FD478E BaseClass: NativeClass:/Script/Engine.StaticMeshActor Name:StaticMeshActor_39 Label:SM_Cylinder9 SpatiallyLoaded:1 Bounds:IsValid=true, Min=(X=2450.000 Y=2350.000 Z=-200.000), Max=(X=2550.000 Y=2450.000 Z=100.000) RuntimeGrid:None EditorOnly:0 RuntimeOnly:0 HLODRelevant:1 ListedInSceneOutliner:1 IsMainWorldOnly:0 FolderPath:Pillars FolderGuid:BB8AF4C246C38D173850E8B115A3DCFE
 |   |   |- [+] [ 22]
 |   |   |   |- Guid:6822919D437534DC47BD46AF8BCF8DF5 BaseClass: NativeClass:/Script/Engine.StaticMeshActor Name:StaticMeshActor_3 Label:SM_Cylinder11 SpatiallyLoaded:1 Bounds:IsValid=true, Min=(X=1350.000 Y=2950.000 Z=0.000), Max=(X=1450.000 Y=3050.000 Z=300.000) RuntimeGrid:None EditorOnly:0 RuntimeOnly:0 HLODRelevant:1 ListedInSceneOutliner:1 IsMainWorldOnly:0 FolderPath:Pillars FolderGuid:BB8AF4C246C38D173850E8B115A3DCFE
 |   |   |- [+] [ 23]
 |   |   |   |- Guid:6FF437294F71956142250B88CCDBDDBF BaseClass: NativeClass:/Script/Engine.StaticMeshActor Name:StaticMeshActor_22 Label:SM_Cube5 SpatiallyLoaded:1 Bounds:IsValid=true, Min=(X=-0.000 Y=100.000 Z=-90.000), Max=(X=100.000 Y=3400.000 Z=-15.000) RuntimeGrid:None EditorOnly:0 RuntimeOnly:0 HLODRelevant:1 ListedInSceneOutliner:1 IsMainWorldOnly:0 FolderPath:Playground FolderGuid:9FE5E8B349AF71F05F2688921F3F2AC5
 |   |   |- [+] [ 24]
 |   |   |   |- Guid:70A96B7D4CCA57D6DC5CC4917ADD2849 BaseClass: NativeClass:/Script/Engine.StaticMeshActor Name:StaticMeshActor_44 Label:SM_ChamferCube3 SpatiallyLoaded:1 Bounds:IsValid=true, Min=(X=711.512 Y=2824.945 Z=100.063), Max=(X=848.115 Y=2961.548 Z=200.063) RuntimeGrid:None EditorOnly:0 RuntimeOnly:0 HLODRelevant:0 ListedInSceneOutliner:1 IsMainWorldOnly:0
 |   |   |- [+] [ 25]
 |   |   |   |- Guid:7FACF78F45E32E33184FED9BF2DDDA76 BaseClass: NativeClass:/Script/Engine.StaticMeshActor Name:StaticMeshActor_19 Label:SM_Cube3 SpatiallyLoaded:1 Bounds:IsValid=true, Min=(X=0.000 Y=3400.000 Z=-280.000), Max=(X=3000.000 Y=3500.000 Z=70.000) RuntimeGrid:None EditorOnly:0 RuntimeOnly:0 HLODRelevant:1 ListedInSceneOutliner:1 IsMainWorldOnly:0 FolderPath:Playground FolderGuid:9FE5E8B349AF71F05F2688921F3F2AC5
 |   |   |- [+] [ 26]
 |   |   |   |- Guid:838041E74D8B77A21D0A24932F5A3E25 BaseClass: NativeClass:/Script/Engine.SkyAtmosphere Name:SkyAtmosphere_1 Label:SkyAtmosphere SpatiallyLoaded:0 Bounds:IsValid=true, Min=(X=0.000 Y=0.000 Z=1020.000), Max=(X=0.000 Y=0.000 Z=1020.000) RuntimeGrid:None EditorOnly:0 RuntimeOnly:0 HLODRelevant:0 ListedInSceneOutliner:1 IsMainWorldOnly:0 FolderPath:Lighting FolderGuid:4C9334684BA61B42C769F799D2576455
 |   |   |- [+] [ 27]
 |   |   |   |- Guid:8C6933E9442F902F85022D84E234327D BaseClass:/Game/BenPowell/Characters/BPC_Enemy.BPC_Enemy_C NativeClass:/Script/Engine.Actor Name:BPC_Enemy_C_UAID_A036BC08BF36BA2B02_1345047639 Label:BPC_Enemy SpatiallyLoaded:1 Bounds:IsValid=true, Min=(X=193.104 Y=2630.000 Z=-2.776), Max=(X=366.719 Y=2736.199 Z=319.339) RuntimeGrid:None EditorOnly:0 RuntimeOnly:0 HLODRelevant:0 ListedInSceneOutliner:1 IsMainWorldOnly:0
 |   |   |- [+] [ 28]
 |   |   |   |- Guid:906D351749F81110A926DD951CF47F22 BaseClass: NativeClass:/Script/Engine.StaticMeshActor Name:StaticMeshActor_23 Label:SM_Cube6 SpatiallyLoaded:1 Bounds:IsValid=true, Min=(X=2900.000 Y=100.000 Z=-370.000), Max=(X=3000.000 Y=3400.000 Z=30.000) RuntimeGrid:None EditorOnly:0 RuntimeOnly:0 HLODRelevant:1 ListedInSceneOutliner:1 IsMainWorldOnly:0 FolderPath:Playground FolderGuid:9FE5E8B349AF71F05F2688921F3F2AC5
 |   |   |- [+] [ 29]
 |   |   |   |- Guid:92F82B384BC34E3397BD0D83899381A3 BaseClass: NativeClass:/Script/Engine.StaticMeshActor Name:StaticMeshActor_25 Label:SM_Cube9 SpatiallyLoaded:1 Bounds:IsValid=true, Min=(X=1400.000 Y=400.000 Z=-240.000), Max=(X=2400.000 Y=600.000 Z=-140.000) RuntimeGrid:None EditorOnly:0 RuntimeOnly:0 HLODRelevant:1 ListedInSceneOutliner:1 IsMainWorldOnly:0 FolderPath:Block01 FolderGuid:4C556963462B5D49496AD286A4690C47
 |   |   |- [+] [ 30]
 |   |   |   |- Guid:950381BC41BFBE5CA61DF38A19437DAE BaseClass: NativeClass:/Script/Engine.StaticMeshActor Name:StaticMeshActor_21 Label:SM_Ramp2 SpatiallyLoaded:1 Bounds:IsValid=true, Min=(X=1400.000 Y=600.000 Z=0.000), Max=(X=1600.000 Y=1000.000 Z=100.000) RuntimeGrid:None EditorOnly:0 RuntimeOnly:0 HLODRelevant:1 ListedInSceneOutliner:1 IsMainWorldOnly:0 FolderPath:Block01 FolderGuid:4C556963462B5D49496AD286A4690C47
 |   |   |- [+] [ 31]
 |   |   |   |- Guid:96FD21644868FA0116B47DBB10A00051 BaseClass: NativeClass:/Script/Engine.StaticMeshActor Name:StaticMeshActor_0 Label:SM_QuarterCylinder7 SpatiallyLoaded:1 Bounds:IsValid=true, Min=(X=1900.000 Y=900.000 Z=-240.000), Max=(X=2000.000 Y=1000.000 Z=-40.000) RuntimeGrid:None EditorOnly:0 RuntimeOnly:0 HLODRelevant:1 ListedInSceneOutliner:1 IsMainWorldOnly:0 FolderPath:Block01 FolderGuid:4C556963462B5D49496AD286A4690C47
 |   |   |- [+] [ 32]
 |   |   |   |- Guid:9A77E2C1415A04B715CA92BCDD0637E2 BaseClass: NativeClass:/Script/Engine.ExponentialHeightFog Name:ExponentialHeightFog_1 Label:ExponentialHeightFog SpatiallyLoaded:0 Bounds:IsValid=true, Min=(X=-5600.000 Y=-50.000 Z=-6850.000), Max=(X=-5600.000 Y=-50.000 Z=-6850.000) RuntimeGrid:None EditorOnly:0 RuntimeOnly:0 HLODRelevant:0 ListedInSceneOutliner:1 IsMainWorldOnly:0 FolderPath:Lighting FolderGuid:4C9334684BA61B42C769F799D2576455
 |   |   |- [+] [ 33]
 |   |   |   |- Guid:9AC107FC4BE2611D87838A8CA2A236DB BaseClass: NativeClass:/Script/AIModule.NavLinkProxy Name:NavLinkProxy_3 Label:NavLinkProxy3 SpatiallyLoaded:1 Bounds:IsValid=true, Min=(X=2240.000 Y=1030.000 Z=90.000), Max=(X=2240.000 Y=1030.000 Z=90.000) RuntimeGrid:None EditorOnly:0 RuntimeOnly:0 HLODRelevant:0 ListedInSceneOutliner:1 IsMainWorldOnly:0 FolderPath:Navigation FolderGuid:AE45D61F453CC144CF8289862C276E89
 |   |   |- [+] [ 34]
 |   |   |   |- Guid:A045A2D949367EE9C309D8B443C0B51E BaseClass: NativeClass:/Script/Engine.StaticMeshActor Name:StaticMeshActor_18 Label:SM_Cube2 SpatiallyLoaded:1 Bounds:IsValid=true, Min=(X=0.000 Y=0.000 Z=-360.000), Max=(X=3000.000 Y=100.000 Z=40.000) RuntimeGrid:None EditorOnly:0 RuntimeOnly:0 HLODRelevant:1 ListedInSceneOutliner:1 IsMainWorldOnly:0 FolderPath:Playground FolderGuid:9FE5E8B349AF71F05F2688921F3F2AC5
 |   |   |- [+] [ 35]
 |   |   |   |- Guid:A2D5B3EE4259DF271C192CBF447ECD77 BaseClass:/Game/BenPowell/Characters/BPC_Hero.BPC_Hero_C NativeClass:/Script/Engine.Actor Name:BPC_Hero_C_UAID_A036BC08BF36BA2B02_1392954642 Label:BPC_Hero3 SpatiallyLoaded:1 Bounds:IsValid=true, Min=(X=122.213 Y=1813.801 Z=-3.471), Max=(X=297.523 Y=1914.432 Z=319.339) RuntimeGrid:None EditorOnly:0 RuntimeOnly:0 HLODRelevant:0 ListedInSceneOutliner:1 IsMainWorldOnly:0
 |   |   |- [+] [ 36]
 |   |   |   |- Guid:AE2D2B7F450F46F0E8480C98CF78C627 BaseClass: NativeClass:/Script/Engine.StaticMeshActor Name:StaticMeshActor_27 Label:SM_Cube10 SpatiallyLoaded:1 Bounds:IsValid=true, Min=(X=1900.000 Y=400.000 Z=-140.000), Max=(X=2400.000 Y=600.000 Z=-40.000) RuntimeGrid:None EditorOnly:0 RuntimeOnly:0 HLODRelevant:1 ListedInSceneOutliner:1 IsMainWorldOnly:0 FolderPath:Block01 FolderGuid:4C556963462B5D49496AD286A4690C47
 |   |   |- [+] [ 37]
 |   |   |   |- Guid:B375565B4E0B83778FD894BF2FC035E5 BaseClass: NativeClass:/Script/Engine.StaticMeshActor Name:StaticMeshActor_28 Label:SM_QuarterCylinder3 SpatiallyLoaded:1 Bounds:IsValid=true, Min=(X=2400.000 Y=400.000 Z=-360.000), Max=(X=2500.000 Y=500.000 Z=-160.000) RuntimeGrid:None EditorOnly:0 RuntimeOnly:0 HLODRelevant:1 ListedInSceneOutliner:1 IsMainWorldOnly:0 FolderPath:Block01 FolderGuid:4C556963462B5D49496AD286A4690C47
 |   |   |- [+] [ 38]
 |   |   |   |- Guid:B60FEB1945B5868766FC09917B5C23AF BaseClass: NativeClass:/Script/Engine.StaticMeshActor Name:StaticMeshActor_2 Label:SM_Cylinder6 SpatiallyLoaded:1 Bounds:IsValid=true, Min=(X=1350.000 Y=2450.000 Z=-200.000), Max=(X=1450.000 Y=2550.000 Z=100.000) RuntimeGrid:None EditorOnly:0 RuntimeOnly:0 HLODRelevant:1 ListedInSceneOutliner:1 IsMainWorldOnly:0 FolderPath:Pillars FolderGuid:BB8AF4C246C38D173850E8B115A3DCFE
 |   |   |- [+] [ 39]
 |   |   |   |- Guid:CA9283844E5D8933D2782195F820DB50 BaseClass: NativeClass:/Script/Engine.StaticMeshActor Name:StaticMeshActor_17 Label:SM_Cube SpatiallyLoaded:1 Bounds:IsValid=true, Min=(X=0.000 Y=0.000 Z=-50.000), Max=(X=3000.000 Y=3500.000 Z=0.000) RuntimeGrid:None EditorOnly:0 RuntimeOnly:0 HLODRelevant:1 ListedInSceneOutliner:1 IsMainWorldOnly:0 FolderPath:Playground FolderGuid:9FE5E8B349AF71F05F2688921F3F2AC5
 |   |   |- [+] [ 40]
 |   |   |   |- Guid:D9B94C8849DC70F1B904CA90016212FA BaseClass: NativeClass:/Script/Engine.StaticMeshActor Name:StaticMeshActor_40 Label:SM_Cylinder10 SpatiallyLoaded:1 Bounds:IsValid=true, Min=(X=2250.000 Y=2650.000 Z=-200.000), Max=(X=2350.000 Y=2750.000 Z=100.000) RuntimeGrid:None EditorOnly:0 RuntimeOnly:0 HLODRelevant:1 ListedInSceneOutliner:1 IsMainWorldOnly:0 FolderPath:Pillars FolderGuid:BB8AF4C246C38D173850E8B115A3DCFE
 |   |   |- [+] [ 41]
 |   |   |   |- Guid:DB877DFA4CD215A11A823DABFD9D9198 BaseClass: NativeClass:/Script/Engine.StaticMeshActor Name:StaticMeshActor_29 Label:SM_QuarterCylinder6 SpatiallyLoaded:1 Bounds:IsValid=true, Min=(X=2400.000 Y=900.000 Z=-360.000), Max=(X=2500.000 Y=1000.000 Z=-160.000) RuntimeGrid:None EditorOnly:0 RuntimeOnly:0 HLODRelevant:1 ListedInSceneOutliner:1 IsMainWorldOnly:0 FolderPath:Block01 FolderGuid:4C556963462B5D49496AD286A4690C47
 |   |   |- [+] [ 42]
 |   |   |   |- Guid:DD6C4E224815ADB2F9870B87D8DAA9DF BaseClass: NativeClass:/Script/Engine.StaticMeshActor Name:StaticMeshActor_35 Label:SM_Cylinder5 SpatiallyLoaded:1 Bounds:IsValid=true, Min=(X=1750.000 Y=2750.000 Z=-200.000), Max=(X=1850.000 Y=2850.000 Z=100.000) RuntimeGrid:None EditorOnly:0 RuntimeOnly:0 HLODRelevant:1 ListedInSceneOutliner:1 IsMainWorldOnly:0 FolderPath:Pillars FolderGuid:BB8AF4C246C38D173850E8B115A3DCFE
 |   |   |- [+] [ 43]
 |   |   |   |- Guid:E29348D54BE765CEFB0A1EB14EE3BEE9 BaseClass: NativeClass:/Script/Engine.StaticMeshActor Name:StaticMeshActor_65 Label:SM_ChamferCube5 SpatiallyLoaded:1 Bounds:IsValid=true, Min=(X=2419.765 Y=1390.593 Z=0.063), Max=(X=2547.936 Y=1518.765 Z=100.063) RuntimeGrid:None EditorOnly:0 RuntimeOnly:0 HLODRelevant:0 ListedInSceneOutliner:1 IsMainWorldOnly:0
 |   |   |- [+] [ 44]
 |   |   |   |- Guid:F7847E5344F9C84003170C8DD335D055 BaseClass: NativeClass:/Script/Engine.StaticMeshActor Name:StaticMeshActor_59 Label:SM_ChamferCube4 SpatiallyLoaded:1 Bounds:IsValid=true, Min=(X=663.409 Y=2784.238 Z=0.063), Max=(X=804.292 Y=2925.121 Z=100.063) RuntimeGrid:None EditorOnly:0 RuntimeOnly:0 HLODRelevant:0 ListedInSceneOutliner:1 IsMainWorldOnly:0
 |   |   |- [+] [ 45]
 |   |   |   |- Guid:F9C0B2B2492195F19C545DB8E3ECA0AC BaseClass: NativeClass:/Script/Engine.StaticMeshActor Name:StaticMeshActor_1 Label:SM_Cube8 SpatiallyLoaded:1 Bounds:IsValid=true, Min=(X=1900.000 Y=600.000 Z=-190.000), Max=(X=2000.000 Y=900.000 Z=10.000) RuntimeGrid:None EditorOnly:0 RuntimeOnly:0 HLODRelevant:1 ListedInSceneOutliner:1 IsMainWorldOnly:0 FolderPath:Block01 FolderGuid:4C556963462B5D49496AD286A4690C47
 |   |   |- [+] [ 46]
 |   |   |   |- Guid:FA06601848B20387641FB58D8C1817CF BaseClass: NativeClass:/Script/Engine.StaticMeshActor Name:StaticMeshActor_UAID_A4AE111137DC5CFB00_1660657071 Label:SM_SkySphere SpatiallyLoaded:0 Bounds:IsValid=true, Min=(X=-1638400.000 Y=-1638400.000 Z=-1638400.000), Max=(X=1638400.000 Y=1638400.000 Z=1638400.000) RuntimeGrid:None EditorOnly:0 RuntimeOnly:0 HLODRelevant:0 ListedInSceneOutliner:1 IsMainWorldOnly:0 FolderPath:Lighting FolderGuid:4C9334684BA61B42C769F799D2576455
 |   |   |- [+] [ 47]
 |   |   |   |- Guid:FEA34DC242AF0ED2A40D64858204CD49 BaseClass:/Game/BenPowell/Music/AudioManager.AudioManager_C NativeClass:/Script/Engine.Actor Name:AudioManager_C_UAID_244BFE576023816A02_1437864152 Label:AudioManager2 SpatiallyLoaded:1 Bounds:IsValid=true, Min=(X=-1620.000 Y=670.000 Z=1180.000), Max=(X=-1620.000 Y=670.000 Z=1180.000) RuntimeGrid:None EditorOnly:0 RuntimeOnly:0 HLODRelevant:0 ListedInSceneOutliner:1 IsMainWorldOnly:0
 |- ContainerInstances:
 |- [+] MainContainer:
 |   |-        ID: 00000000000000000000000000000000
 |   |-  ParentID: 00000000000000000000000000000000
 |   |-    Bounds: IsValid=false, Min=(X=0.000 Y=0.000 Z=0.000), Max=(X=0.000 Y=0.000 Z=0.000)
 |   |- Transform: 0.000000,0.000000,0.000000|0.000000,0.000000,-0.000000|1.000000,1.000000,1.000000
 |   |- Container: /Game/BenPowell/Level/GameMap
----------------------------------------------------------------------------------------------------------------
GameMap - Persistent Level
----------------------------------------------------------------------------------------------------------------
[+] Content of GameMap Persistent Level
 |- Always loaded Actor Count: 51 
 |- Actor Path: /Game/BenPowell/Level/GameMap.GameMap:PersistentLevel.AudioManager_C_UAID_244BFE5760237F6A02_2076412799
 |- Actor Package: /Game/__ExternalActors__/BenPowell/Level/GameMap/2/M4/MJ9A7SOKO7FXIF791VDAIJ
 |- Actor Path: /Game/BenPowell/Level/GameMap.GameMap:PersistentLevel.AudioManager_C_UAID_244BFE576023816A02_1437864152
 |- Actor Package: /Game/__ExternalActors__/BenPowell/Level/GameMap/9/B6/9YSDHQPCFEN2B63H1LLUKL
 |- Actor Path: /Game/BenPowell/Level/GameMap.GameMap:PersistentLevel.BP_BattleManager_C_UAID_A036BC08BF36D82902_1590481808
 |- Actor Package: /Game/__ExternalActors__/BenPowell/Level/GameMap/3/Y7/QU9WZ1O2PTL94YOEX48OCJ
 |- Actor Path: /Game/BenPowell/Level/GameMap.GameMap:PersistentLevel.BP_MainView_C_UAID_244BFE576023232502_1453454727
 |- Actor Package: /Game/__ExternalActors__/BenPowell/Level/GameMap/5/LR/J9D6NNOBUVC344CXE9JUDR
 |- Actor Path: /Game/BenPowell/Level/GameMap.GameMap:PersistentLevel.BP_Map_C_UAID_A036BC08BF36A15302_1176884479
 |- Actor Package: /Game/__ExternalActors__/BenPowell/Level/GameMap/8/R8/IRLN0I4LCAZ0H5U3CZ7CG3
 |- Actor Path: /Game/BenPowell/Level/GameMap.GameMap:PersistentLevel.BP_MenuManager_C_UAID_A036BC08BF36AA3002_1087891103
 |- Actor Package: /Game/__ExternalActors__/BenPowell/Level/GameMap/5/PT/4353XEU1JSIGIJ5V8LMMXU
 |- Actor Path: /Game/BenPowell/Level/GameMap.GameMap:PersistentLevel.BP_StartCamera_C_UAID_244BFE576023FC6702_1991339635
 |- Actor Package: /Game/__ExternalActors__/BenPowell/Level/GameMap/B/9Y/HTCGX1WJWIP1K3QF985XWO
 |- Actor Path: /Game/BenPowell/Level/GameMap.GameMap:PersistentLevel.BPC_Enemy_C_UAID_A036BC08BF36BA2B02_1345047639
 |- Actor Package: /Game/__ExternalActors__/BenPowell/Level/GameMap/C/1B/P7RB68QTST0G2FHAWHR3EZ
 |- Actor Path: /Game/BenPowell/Level/GameMap.GameMap:PersistentLevel.BPC_Hero_C_UAID_A036BC08BF36BA2B02_1362085640
 |- Actor Package: /Game/__ExternalActors__/BenPowell/Level/GameMap/D/YL/CU14KRVWRQXI278071T7H7
 |- Actor Path: /Game/BenPowell/Level/GameMap.GameMap:PersistentLevel.BPC_Hero_C_UAID_A036BC08BF36BA2B02_1386407641
 |- Actor Package: /Game/__ExternalActors__/BenPowell/Level/GameMap/0/3P/GP38BOU5PAXLKC6QXN5W4E
 |- Actor Path: /Game/BenPowell/Level/GameMap.GameMap:PersistentLevel.BPC_Hero_C_UAID_A036BC08BF36BA2B02_1392954642
 |- Actor Package: /Game/__ExternalActors__/BenPowell/Level/GameMap/7/BR/74K0NBOCVDOYWYFZTSPYKO
 |- Actor Path: /Game/BenPowell/Level/GameMap.GameMap:PersistentLevel.DirectionalLight_1
 |- Actor Package: /Game/__ExternalActors__/BenPowell/Level/GameMap/9/UT/6CQTTP2GR368WL0I2QEZRK
 |- Actor Path: /Game/BenPowell/Level/GameMap.GameMap:PersistentLevel.ExponentialHeightFog_1
 |- Actor Package: /Game/__ExternalActors__/BenPowell/Level/GameMap/D/SI/CDGBDL16LH9HZ3UWYE6FFG
 |- Actor Path: /Game/BenPowell/Level/GameMap.GameMap:PersistentLevel.ItemManager_C_UAID_B07B251C8DDC253302_1156981863
 |- Actor Package: /Game/__ExternalActors__/BenPowell/Level/GameMap/D/QB/HG1U5MTTCH0XBQB2OTH0TY
 |- Actor Path: /Game/BenPowell/Level/GameMap.GameMap:PersistentLevel.MapControl_C_UAID_4CD717924A81C85302_1204486343
 |- Actor Package: /Game/__ExternalActors__/BenPowell/Level/GameMap/C/LK/3MMBKOAIT65P8DG7TBVN30
 |- Actor Path: /Game/BenPowell/Level/GameMap.GameMap:PersistentLevel.NavLinkProxy_3
 |- Actor Package: /Game/__ExternalActors__/BenPowell/Level/GameMap/5/C0/8VIYSK5X3VZ97WNFZ2XDLN
 |- Actor Path: /Game/BenPowell/Level/GameMap.GameMap:PersistentLevel.NavMeshBoundsVolume_1
 |- Actor Package: /Game/__ExternalActors__/BenPowell/Level/GameMap/D/SI/MU0O835V3N4XC776RPXHPI
 |- Actor Path: /Game/BenPowell/Level/GameMap.GameMap:PersistentLevel.PostProcessVolume_1
 |- Actor Package: /Game/__ExternalActors__/BenPowell/Level/GameMap/8/LO/C9X4CQJYXS6V7BEMJ3GMBN
 |- Actor Path: /Game/BenPowell/Level/GameMap.GameMap:PersistentLevel.SkyAtmosphere_1
 |- Actor Package: /Game/__ExternalActors__/BenPowell/Level/GameMap/9/LA/8XE9SKKE435YTP2T29UJJS
 |- Actor Path: /Game/BenPowell/Level/GameMap.GameMap:PersistentLevel.SkyLight_1
 |- Actor Package: /Game/__ExternalActors__/BenPowell/Level/GameMap/8/FP/4NE9A2F88QF4GAZGDZA0R6
 |- Actor Path: /Game/BenPowell/Level/GameMap.GameMap:PersistentLevel.StaticMeshActor_0
 |- Actor Package: /Game/__ExternalActors__/BenPowell/Level/GameMap/5/I4/X8YHOVDHG8OJD21HXA3EI1
 |- Actor Path: /Game/BenPowell/Level/GameMap.GameMap:PersistentLevel.StaticMeshActor_1
 |- Actor Package: /Game/__ExternalActors__/BenPowell/Level/GameMap/7/88/VGZZ0GIN9U12OSO5IE0PS8
 |- Actor Path: /Game/BenPowell/Level/GameMap.GameMap:PersistentLevel.StaticMeshActor_17
 |- Actor Package: /Game/__ExternalActors__/BenPowell/Level/GameMap/9/3Z/F1SGC7VWPABLRKWGHQ0TUB
 |- Actor Path: /Game/BenPowell/Level/GameMap.GameMap:PersistentLevel.StaticMeshActor_18
 |- Actor Package: /Game/__ExternalActors__/BenPowell/Level/GameMap/9/JB/A79NL31BOGIM58C4FFTOGA
 |- Actor Path: /Game/BenPowell/Level/GameMap.GameMap:PersistentLevel.StaticMeshActor_19
 |- Actor Package: /Game/__ExternalActors__/BenPowell/Level/GameMap/2/RZ/QAMVCUCU3Z83F3B0Q3946B
 |- Actor Path: /Game/BenPowell/Level/GameMap.GameMap:PersistentLevel.StaticMeshActor_2
 |- Actor Package: /Game/__ExternalActors__/BenPowell/Level/GameMap/E/KR/J2JWHXSGO33PJEHJ1H19V6
 |- Actor Path: /Game/BenPowell/Level/GameMap.GameMap:PersistentLevel.StaticMeshActor_20
 |- Actor Package: /Game/__ExternalActors__/BenPowell/Level/GameMap/2/CN/U11YHRMRE6W0DVTKJBC38Z
 |- Actor Path: /Game/BenPowell/Level/GameMap.GameMap:PersistentLevel.StaticMeshActor_21
 |- Actor Package: /Game/__ExternalActors__/BenPowell/Level/GameMap/1/GX/N9DRRH7IJE2QETUQI6MCTC
 |- Actor Path: /Game/BenPowell/Level/GameMap.GameMap:PersistentLevel.StaticMeshActor_22
 |- Actor Package: /Game/__ExternalActors__/BenPowell/Level/GameMap/5/MV/4J4P6GMT2E3ZO6YVPNFN1S
 |- Actor Path: /Game/BenPowell/Level/GameMap.GameMap:PersistentLevel.StaticMeshActor_23
 |- Actor Package: /Game/__ExternalActors__/BenPowell/Level/GameMap/4/ID/M54IAR5COAJ39LWGZ1M5V7
 |- Actor Path: /Game/BenPowell/Level/GameMap.GameMap:PersistentLevel.StaticMeshActor_24
 |- Actor Package: /Game/__ExternalActors__/BenPowell/Level/GameMap/8/X3/VXA9UGWCIILERT8VJ0UKLP
 |- Actor Path: /Game/BenPowell/Level/GameMap.GameMap:PersistentLevel.StaticMeshActor_25
 |- Actor Package: /Game/__ExternalActors__/BenPowell/Level/GameMap/A/TE/G78W2U7A22E3PI6I7P74JF
 |- Actor Path: /Game/BenPowell/Level/GameMap.GameMap:PersistentLevel.StaticMeshActor_26
 |- Actor Package: /Game/__ExternalActors__/BenPowell/Level/GameMap/3/GU/W7UZ9RUTM69S9HRFLHL0BK
 |- Actor Path: /Game/BenPowell/Level/GameMap.GameMap:PersistentLevel.StaticMeshActor_27
 |- Actor Package: /Game/__ExternalActors__/BenPowell/Level/GameMap/C/V0/VELS56W159DDXGVD4TFBIE
 |- Actor Path: /Game/BenPowell/Level/GameMap.GameMap:PersistentLevel.StaticMeshActor_28
 |- Actor Package: /Game/__ExternalActors__/BenPowell/Level/GameMap/3/GQ/K03AI7TNYYX1H0ZBKIA11I
 |- Actor Path: /Game/BenPowell/Level/GameMap.GameMap:PersistentLevel.StaticMeshActor_29
 |- Actor Package: /Game/__ExternalActors__/BenPowell/Level/GameMap/1/C2/3F2BXAUFZCMRZXSVRF9GXI
 |- Actor Path: /Game/BenPowell/Level/GameMap.GameMap:PersistentLevel.StaticMeshActor_3
 |- Actor Package: /Game/__ExternalActors__/BenPowell/Level/GameMap/F/5E/W4TJAGNE39UGZYLKRS8NQB
 |- Actor Path: /Game/BenPowell/Level/GameMap.GameMap:PersistentLevel.StaticMeshActor_34
 |- Actor Package: /Game/__ExternalActors__/BenPowell/Level/GameMap/2/PQ/5JYUF1XNOGNLAUR2H8ESC2
 |- Actor Path: /Game/BenPowell/Level/GameMap.GameMap:PersistentLevel.StaticMeshActor_35
 |- Actor Package: /Game/__ExternalActors__/BenPowell/Level/GameMap/5/Y0/4XBB8I3VABKJ94P78ARANS
 |- Actor Path: /Game/BenPowell/Level/GameMap.GameMap:PersistentLevel.StaticMeshActor_37
 |- Actor Package: /Game/__ExternalActors__/BenPowell/Level/GameMap/2/BQ/Y235X6GSQ0RG5PP4ONO0AW
 |- Actor Path: /Game/BenPowell/Level/GameMap.GameMap:PersistentLevel.StaticMeshActor_38
 |- Actor Package: /Game/__ExternalActors__/BenPowell/Level/GameMap/7/I4/T25IQ7LK9FFQ9ZSPBFOKTJ
 |- Actor Path: /Game/BenPowell/Level/GameMap.GameMap:PersistentLevel.StaticMeshActor_39
 |- Actor Package: /Game/__ExternalActors__/BenPowell/Level/GameMap/1/6P/Z1T2WJ1SRY7G47I10AJ4OA
 |- Actor Path: /Game/BenPowell/Level/GameMap.GameMap:PersistentLevel.StaticMeshActor_40
 |- Actor Package: /Game/__ExternalActors__/BenPowell/Level/GameMap/4/67/EB0AWM6ZN719GIDWQ7IDOU
 |- Actor Path: /Game/BenPowell/Level/GameMap.GameMap:PersistentLevel.StaticMeshActor_42
 |- Actor Package: /Game/__ExternalActors__/BenPowell/Level/GameMap/8/UF/3ZN4AS1K7YGY4QQMHKA0SP
 |- Actor Path: /Game/BenPowell/Level/GameMap.GameMap:PersistentLevel.StaticMeshActor_44
 |- Actor Package: /Game/__ExternalActors__/BenPowell/Level/GameMap/5/XF/6QTA82HMASYWPP2SN7E43C
 |- Actor Path: /Game/BenPowell/Level/GameMap.GameMap:PersistentLevel.StaticMeshActor_59
 |- Actor Package: /Game/__ExternalActors__/BenPowell/Level/GameMap/6/UP/U9Q9OU8MHDO00SA1G0EAT0
 |- Actor Path: /Game/BenPowell/Level/GameMap.GameMap:PersistentLevel.StaticMeshActor_65
 |- Actor Package: /Game/__ExternalActors__/BenPowell/Level/GameMap/7/RS/002HBDE488T4UAEEFNFAWG
 |- Actor Path: /Game/BenPowell/Level/GameMap.GameMap:PersistentLevel.StaticMeshActor_66
 |- Actor Package: /Game/__ExternalActors__/BenPowell/Level/GameMap/D/AJ/1YEIEQL5OT7SH66SGANPDF
 |- Actor Path: /Game/BenPowell/Level/GameMap.GameMap:PersistentLevel.StaticMeshActor_UAID_A4AE111137DC5CFB00_1660657071
 |- Actor Package: /Game/__ExternalActors__/BenPowell/Level/GameMap/E/9G/N3DZ13S98YGO4CF7ELNU4T
 |- Actor Path: /Game/BenPowell/Level/GameMap.GameMap:PersistentLevel.VolumetricCloud_0
 |- Actor Package: /Game/__ExternalActors__/BenPowell/Level/GameMap/2/YR/354QS5ROQDQVSL4NTOEDIE
 |- Actor Path: /Game/BenPowell/Level/GameMap.GameMap:PersistentLevel.WorldDataLayers
 |- Actor Package: /Game/__ExternalActors__/BenPowell/Level/GameMap/A/G1/68O5NT61P3A6ROTR9ZE95N

----------------------------------------------------------------------------------------------------------------
GameMap - Runtime Hash Set
----------------------------------------------------------------------------------------------------------------

